\BOOKMARK [0][-]{chapter.1}{Linear algebra: Basics}{}% 1
\BOOKMARK [1][-]{section.1.1}{Matrix multiplication}{chapter.1}% 2
\BOOKMARK [2][-]{subsection.1.1.1}{Vector-vector products}{section.1.1}% 3
\BOOKMARK [2][-]{subsection.1.1.2}{Matrix-vector multiplication}{section.1.1}% 4
\BOOKMARK [2][-]{subsection.1.1.3}{Matrix-matrix multiplication}{section.1.1}% 5
\BOOKMARK [1][-]{section.1.2}{Orthogonal matrices}{chapter.1}% 6
\BOOKMARK [1][-]{section.1.3}{Eigenvalues and eigenvectors}{chapter.1}% 7
\BOOKMARK [2][-]{subsection.1.3.1}{Diagonalization of a matrix}{section.1.3}% 8
\BOOKMARK [1][-]{section.1.4}{Definiteness}{chapter.1}% 9
\BOOKMARK [1][-]{section.1.5}{Symmetric matrices}{chapter.1}% 10
\BOOKMARK [1][-]{section.1.6}{Singular value decomposition}{chapter.1}% 11
\BOOKMARK [1][-]{section.1.7}{Miscellaneous}{chapter.1}% 12
\BOOKMARK [2][-]{subsection.1.7.1}{A real matrix with complex eigenvalues}{section.1.7}% 13
\BOOKMARK [0][-]{chapter.2}{Summarizing univariate data}{}% 14
\BOOKMARK [1][-]{section.2.1}{Arithmetic mean}{chapter.2}% 15
\BOOKMARK [2][-]{subsection.2.1.1}{Median}{section.2.1}% 16
\BOOKMARK [2][-]{subsection.2.1.2}{Quantiles}{section.2.1}% 17
\BOOKMARK [2][-]{subsection.2.1.3}{Boxplot}{section.2.1}% 18
\BOOKMARK [2][-]{subsection.2.1.4}{Histogram}{section.2.1}% 19
\BOOKMARK [2][-]{subsection.2.1.5}{Measuring spread of data}{section.2.1}% 20
\BOOKMARK [2][-]{subsection.2.1.6}{Mean absolute deviation}{section.2.1}% 21
\BOOKMARK [2][-]{subsection.2.1.7}{Variance: Mean squared deviation}{section.2.1}% 22
\BOOKMARK [2][-]{subsection.2.1.8}{Standard deviation}{section.2.1}% 23
\BOOKMARK [1][-]{section.2.2}{Summarizing Bivariate Data}{chapter.2}% 24
\BOOKMARK [2][-]{subsection.2.2.1}{Scatterplot}{section.2.2}% 25
\BOOKMARK [2][-]{subsection.2.2.2}{Covariance}{section.2.2}% 26
\BOOKMARK [2][-]{subsection.2.2.3}{Pearson Correlation Coefficient}{section.2.2}% 27
\BOOKMARK [2][-]{subsection.2.2.4}{Linear regression}{section.2.2}% 28
\BOOKMARK [0][-]{chapter.3}{Principal component analysis}{}% 29
\BOOKMARK [1][-]{section.3.1}{Variance maximization}{chapter.3}% 30
\BOOKMARK [1][-]{section.3.2}{PCA as lossy compression}{chapter.3}% 31
\BOOKMARK [0][-]{chapter.4}{Multiple linear regression}{}% 32
\BOOKMARK [0][-]{chapter.5}{Probability theory}{}% 33
\BOOKMARK [1][-]{section.5.1}{Probability}{chapter.5}% 34
\BOOKMARK [2][-]{subsection.5.1.1}{The principle of indifference}{section.5.1}% 35
\BOOKMARK [2][-]{subsection.5.1.2}{Bayes' Theorem}{section.5.1}% 36
\BOOKMARK [2][-]{subsection.5.1.3}{Marginalization}{section.5.1}% 37
\BOOKMARK [2][-]{subsection.5.1.4}{Independence}{section.5.1}% 38
\BOOKMARK [2][-]{subsection.5.1.5}{Expected value}{section.5.1}% 39
\BOOKMARK [1][-]{section.5.2}{Probability density function}{chapter.5}% 40
\BOOKMARK [1][-]{section.5.3}{Introduction to statistical hypothesis testing}{chapter.5}% 41
\BOOKMARK [2][-]{subsection.5.3.1}{Bayesian hypothesis testing}{section.5.3}% 42
\BOOKMARK [2][-]{subsection.5.3.2}{Problematic example of NHST}{section.5.3}% 43
